<?xml version="1.0" encoding="UTF-8"?>
<!-- Generated by org.testng.reporters.JUnitReportReporter -->
<testsuite skipped="0" hostname="user" name="org.naic.mfl.se.challenge.SignInTest" tests="1" failures="0" timestamp="06 Jul 2018 13:15:25 GMT" time="13.990" errors="0">
  <testcase name="signInTest" time="13.990" classname="org.naic.mfl.se.challenge.SignInTest"/>
</testsuite> <!-- org.naic.mfl.se.challenge.SignInTest -->
