<?xml version="1.0" encoding="UTF-8"?>
<!-- Generated by org.testng.reporters.JUnitReportReporter -->
<testsuite skipped="0" hostname="user" name="org.naic.mfl.se.challenge.ChekOutTest" tests="1" failures="0" timestamp="06 Jul 2018 13:16:17 GMT" time="21.375" errors="0">
  <testcase name="checkoutTest" time="21.375" classname="org.naic.mfl.se.challenge.ChekOutTest"/>
</testsuite> <!-- org.naic.mfl.se.challenge.ChekOutTest -->
