<?xml version="1.0" encoding="UTF-8"?>
<!-- Generated by org.testng.reporters.JUnitReportReporter -->
<testsuite skipped="0" hostname="user" name="org.naic.mfl.se.challenge.LoginTest" tests="1" failures="0" timestamp="06 Jul 2018 13:14:31 GMT" time="5.859" errors="0">
  <testcase name="chekForUser" time="5.859" classname="org.naic.mfl.se.challenge.LoginTest"/>
</testsuite> <!-- org.naic.mfl.se.challenge.LoginTest -->
