<?xml version="1.0" encoding="UTF-8"?>
<!-- Generated by org.testng.reporters.JUnitReportReporter -->
<testsuite skipped="3" hostname="user" name="org.naic.mfl.se.challenge.WebTest" tests="3" failures="0" timestamp="05 Jul 2018 23:18:57 GMT" time="0.000" errors="0">
  <testcase name="signInTest" time="0.000" classname="org.naic.mfl.se.challenge.WebTest">
    <skipped/>
  </testcase> <!-- signInTest -->
  <testcase name="checkoutTest" time="0.000" classname="org.naic.mfl.se.challenge.WebTest">
    <skipped/>
  </testcase> <!-- checkoutTest -->
  <testcase name="logInTest" time="0.000" classname="org.naic.mfl.se.challenge.WebTest">
    <skipped/>
  </testcase> <!-- logInTest -->
</testsuite> <!-- org.naic.mfl.se.challenge.WebTest -->
