<?xml version="1.0" encoding="UTF-8"?>
<!-- Generated by org.testng.reporters.JUnitReportReporter -->
<testsuite skipped="1" hostname="user" name="org.naic.mfl.se.challenge.LoginTest" tests="1" failures="0" timestamp="05 Jul 2018 23:18:57 GMT" time="0.000" errors="0">
  <testcase name="chekForUser" time="0.000" classname="org.naic.mfl.se.challenge.LoginTest">
    <skipped/>
  </testcase> <!-- chekForUser -->
</testsuite> <!-- org.naic.mfl.se.challenge.LoginTest -->
